<html>
<head>
<title>TestNG:  Surefire test</title>
<link href="../testng.css" rel="stylesheet" type="text/css" />
<link href="../my-testng.css" rel="stylesheet" type="text/css" />

<style type="text/css">
.log { display: none;} 
.stack-trace { display: none;} 
</style>
<script type="text/javascript">
<!--
function flip(e) {
  current = e.style.display;
  if (current == 'block') {
    e.style.display = 'none';
    return 0;
  }
  else {
    e.style.display = 'block';
    return 1;
  }
}

function toggleBox(szDivId, elem, msg1, msg2)
{
  var res = -1;  if (document.getElementById) {
    res = flip(document.getElementById(szDivId));
  }
  else if (document.all) {
    // this is the way old msie versions work
    res = flip(document.all[szDivId]);
  }
  if(elem) {
    if(res == 0) elem.innerHTML = msg1; else elem.innerHTML = msg2;
  }

}

function toggleAllBoxes() {
  if (document.getElementsByTagName) {
    d = document.getElementsByTagName('div');
    for (i = 0; i < d.length; i++) {
      if (d[i].className == 'log') {
        flip(d[i]);
      }
    }
  }
}

// -->
</script>

</head>
<body>
<h2 align='center'>Surefire test</h2><table border='1' align="center">
<tr>
<td>Tests passed/Failed/Skipped:</td><td>16/3/0</td>
</tr><tr>
<td>Started on:</td><td>Wed Feb 01 17:13:02 EET 2023</td>
</tr>
<tr><td>Total time:</td><td>209 seconds (209548 ms)</td>
</tr><tr>
<td>Included groups:</td><td></td>
</tr><tr>
<td>Excluded groups:</td><td></td>
</tr>
</table><p/>
<small><i>(Hover the method name to see the test class name)</i></small><p/>
<table width='100%' border='1' class='invocation-failed'>
<tr><td colspan='4' align='center'><b>FAILED TESTS</b></td></tr>
<tr><td><b>Test method</b></td>
<td width="30%"><b>Exception</b></td>
<td width="10%"><b>Time (seconds)</b></td>
<td><b>Instance</b></td>
</tr>
<tr>
<td title='org.example.TestRunner.TheRunner.runScenario()'><b>runScenario</b><br>Test class: org.example.TestRunner.TheRunner<br>Test method: Runs Cucumber Scenarios<br>Parameters: "First slider is clickable on home page", "F06_homeSliders | the two sliders"</td>
<td><div><pre>org.openqa.selenium.TimeoutException: Expected condition failed: waiting for url to contain &quot;nokia-lumia-1020&quot;. Current url: &quot;https://demo.nopcommerce.com/#&quot; (tried for 8 second(s) with 500 milliseconds interval)
Build info: version: &apos;4.7.2&apos;, revision: &apos;4d4020c3b7&apos;
System info: os.name: &apos;Windows 11&apos;, os.arch: &apos;amd64&apos;, os.version: &apos;10.0&apos;, java.version: &apos;1.8.0_361&apos;
Driver info: org.openqa.selenium.chrome.ChromeDriver
Capabilities {acceptInsecureCerts: false, browserName: chrome, browserVersion: 109.0.5414.120, chrome: {chromedriverVersion: 109.0.5414.74 (e7c5703604da..., userDataDir: C:\Users\SMART\AppData\Loca...}, goog:chromeOptions: {debuggerAddress: localhost:59994}, networkConnectionEnabled: false, pageLoadStrategy: normal, platformName: WINDOWS, proxy: Proxy(), se:cdp: ws://localhost:59994/devtoo..., se:cdpVersion: 109.0.5414.120, setWindowRect: true, strictFileInteractability: false, timeouts: {implicit: 0, pageLoad: 300000, script: 30000}, unhandledPromptBehavior: dismiss and notify, webauthn:extension:credBlob: true, webauthn:extension:largeBlob: true, webauthn:virtualAuthenticators: true}
Session ID: d44796646f2aeae5cd6136f093013b7f
	at org.openqa.selenium.support.ui.WebDriverWait.timeoutException(WebDriverWait.java:87)
	at org.openqa.selenium.support.ui.FluentWait.until(FluentWait.java:231)
	at org.example.Steps.D06_HomeSlidersSteps.i_should_be_redirected_to_the_correct_URL(D06_HomeSlidersSteps.java:26)
	at ?.I should be redirected to the Nokia URL(file:///D:/java/Demonopcommerce/src/main/resources/Features/F06_HomeSliders.feature:8)
</pre></div><a href='#' onClick='toggleBox("stack-trace1862983918", this, "Click to show all stack frames", "Click to hide stack frames")'>Click to show all stack frames</a>
<div class='stack-trace' id='stack-trace1862983918'><pre>org.openqa.selenium.TimeoutException: Expected condition failed: waiting for url to contain &quot;nokia-lumia-1020&quot;. Current url: &quot;https://demo.nopcommerce.com/#&quot; (tried for 8 second(s) with 500 milliseconds interval)
Build info: version: &apos;4.7.2&apos;, revision: &apos;4d4020c3b7&apos;
System info: os.name: &apos;Windows 11&apos;, os.arch: &apos;amd64&apos;, os.version: &apos;10.0&apos;, java.version: &apos;1.8.0_361&apos;
Driver info: org.openqa.selenium.chrome.ChromeDriver
Capabilities {acceptInsecureCerts: false, browserName: chrome, browserVersion: 109.0.5414.120, chrome: {chromedriverVersion: 109.0.5414.74 (e7c5703604da..., userDataDir: C:\Users\SMART\AppData\Loca...}, goog:chromeOptions: {debuggerAddress: localhost:59994}, networkConnectionEnabled: false, pageLoadStrategy: normal, platformName: WINDOWS, proxy: Proxy(), se:cdp: ws://localhost:59994/devtoo..., se:cdpVersion: 109.0.5414.120, setWindowRect: true, strictFileInteractability: false, timeouts: {implicit: 0, pageLoad: 300000, script: 30000}, unhandledPromptBehavior: dismiss and notify, webauthn:extension:credBlob: true, webauthn:extension:largeBlob: true, webauthn:virtualAuthenticators: true}
Session ID: d44796646f2aeae5cd6136f093013b7f
	at org.openqa.selenium.support.ui.WebDriverWait.timeoutException(WebDriverWait.java:87)
	at org.openqa.selenium.support.ui.FluentWait.until(FluentWait.java:231)
	at org.example.Steps.D06_HomeSlidersSteps.i_should_be_redirected_to_the_correct_URL(D06_HomeSlidersSteps.java:26)
	at ?.I should be redirected to the Nokia URL(file:///D:/java/Demonopcommerce/src/main/resources/Features/F06_HomeSliders.feature:8)
</pre></div></td>
<td>14</td>
<td>org.example.TestRunner.TheRunner@66d1af89</td></tr>
<tr>
<td title='org.example.TestRunner.TheRunner.runScenario()'><b>runScenario</b><br>Test class: org.example.TestRunner.TheRunner<br>Test method: Runs Cucumber Scenarios<br>Parameters: "Second slider is clickable on home page", "F06_homeSliders | the two sliders"</td>
<td><div><pre>org.openqa.selenium.TimeoutException: Expected condition failed: waiting for url to contain &quot;nokia-lumia-1020&quot;. Current url: &quot;https://demo.nopcommerce.com/&quot; (tried for 8 second(s) with 500 milliseconds interval)
Build info: version: &apos;4.7.2&apos;, revision: &apos;4d4020c3b7&apos;
System info: os.name: &apos;Windows 11&apos;, os.arch: &apos;amd64&apos;, os.version: &apos;10.0&apos;, java.version: &apos;1.8.0_361&apos;
Driver info: org.openqa.selenium.chrome.ChromeDriver
Capabilities {acceptInsecureCerts: false, browserName: chrome, browserVersion: 109.0.5414.120, chrome: {chromedriverVersion: 109.0.5414.74 (e7c5703604da..., userDataDir: C:\Users\SMART\AppData\Loca...}, goog:chromeOptions: {debuggerAddress: localhost:60013}, networkConnectionEnabled: false, pageLoadStrategy: normal, platformName: WINDOWS, proxy: Proxy(), se:cdp: ws://localhost:60013/devtoo..., se:cdpVersion: 109.0.5414.120, setWindowRect: true, strictFileInteractability: false, timeouts: {implicit: 0, pageLoad: 300000, script: 30000}, unhandledPromptBehavior: dismiss and notify, webauthn:extension:credBlob: true, webauthn:extension:largeBlob: true, webauthn:virtualAuthenticators: true}
Session ID: caf237da66a70761142d21212afe32d7
	at org.openqa.selenium.support.ui.WebDriverWait.timeoutException(WebDriverWait.java:87)
	at org.openqa.selenium.support.ui.FluentWait.until(FluentWait.java:231)
	at org.example.Steps.D06_HomeSlidersSteps.iShouldBeRedirectedToTheIphoneURL(D06_HomeSlidersSteps.java:39)
	at ?.I should be redirected to the iphone URL(file:///D:/java/Demonopcommerce/src/main/resources/Features/F06_HomeSliders.feature:13)
</pre></div><a href='#' onClick='toggleBox("stack-trace1744645655", this, "Click to show all stack frames", "Click to hide stack frames")'>Click to show all stack frames</a>
<div class='stack-trace' id='stack-trace1744645655'><pre>org.openqa.selenium.TimeoutException: Expected condition failed: waiting for url to contain &quot;nokia-lumia-1020&quot;. Current url: &quot;https://demo.nopcommerce.com/&quot; (tried for 8 second(s) with 500 milliseconds interval)
Build info: version: &apos;4.7.2&apos;, revision: &apos;4d4020c3b7&apos;
System info: os.name: &apos;Windows 11&apos;, os.arch: &apos;amd64&apos;, os.version: &apos;10.0&apos;, java.version: &apos;1.8.0_361&apos;
Driver info: org.openqa.selenium.chrome.ChromeDriver
Capabilities {acceptInsecureCerts: false, browserName: chrome, browserVersion: 109.0.5414.120, chrome: {chromedriverVersion: 109.0.5414.74 (e7c5703604da..., userDataDir: C:\Users\SMART\AppData\Loca...}, goog:chromeOptions: {debuggerAddress: localhost:60013}, networkConnectionEnabled: false, pageLoadStrategy: normal, platformName: WINDOWS, proxy: Proxy(), se:cdp: ws://localhost:60013/devtoo..., se:cdpVersion: 109.0.5414.120, setWindowRect: true, strictFileInteractability: false, timeouts: {implicit: 0, pageLoad: 300000, script: 30000}, unhandledPromptBehavior: dismiss and notify, webauthn:extension:credBlob: true, webauthn:extension:largeBlob: true, webauthn:virtualAuthenticators: true}
Session ID: caf237da66a70761142d21212afe32d7
	at org.openqa.selenium.support.ui.WebDriverWait.timeoutException(WebDriverWait.java:87)
	at org.openqa.selenium.support.ui.FluentWait.until(FluentWait.java:231)
	at org.example.Steps.D06_HomeSlidersSteps.iShouldBeRedirectedToTheIphoneURL(D06_HomeSlidersSteps.java:39)
	at ?.I should be redirected to the iphone URL(file:///D:/java/Demonopcommerce/src/main/resources/Features/F06_HomeSliders.feature:13)
</pre></div></td>
<td>14</td>
<td>org.example.TestRunner.TheRunner@66d1af89</td></tr>
<tr>
<td title='org.example.TestRunner.TheRunner.runScenario()'><b>runScenario</b><br>Test class: org.example.TestRunner.TheRunner<br>Test method: Runs Cucumber Scenarios<br>Parameters: "user opens rss link", "F07_followUs | users could open followUs links"</td>
<td><div><pre>org.openqa.selenium.TimeoutException: Expected condition failed: waiting for number of open windows to be 2 (tried for 9 second(s) with 500 milliseconds interval)
Build info: version: &apos;4.7.2&apos;, revision: &apos;4d4020c3b7&apos;
System info: os.name: &apos;Windows 11&apos;, os.arch: &apos;amd64&apos;, os.version: &apos;10.0&apos;, java.version: &apos;1.8.0_361&apos;
Driver info: org.openqa.selenium.chrome.ChromeDriver
Capabilities {acceptInsecureCerts: false, browserName: chrome, browserVersion: 109.0.5414.120, chrome: {chromedriverVersion: 109.0.5414.74 (e7c5703604da..., userDataDir: C:\Users\SMART\AppData\Loca...}, goog:chromeOptions: {debuggerAddress: localhost:60103}, networkConnectionEnabled: false, pageLoadStrategy: normal, platformName: WINDOWS, proxy: Proxy(), se:cdp: ws://localhost:60103/devtoo..., se:cdpVersion: 109.0.5414.120, setWindowRect: true, strictFileInteractability: false, timeouts: {implicit: 0, pageLoad: 300000, script: 30000}, unhandledPromptBehavior: dismiss and notify, webauthn:extension:credBlob: true, webauthn:extension:largeBlob: true, webauthn:virtualAuthenticators: true}
Session ID: 7c4abb681fd9d91a7c62bd89e7ddd854
	at org.openqa.selenium.support.ui.WebDriverWait.timeoutException(WebDriverWait.java:87)
	at org.openqa.selenium.support.ui.FluentWait.until(FluentWait.java:231)
	at org.example.Steps.D07_FollowUsSteps.userOpensRssLink(D07_FollowUsSteps.java:56)
	at ?.user opens rss link(file:///D:/java/Demonopcommerce/src/main/resources/Features/F07_FollowUs.feature:16)
</pre></div><a href='#' onClick='toggleBox("stack-trace43856881", this, "Click to show all stack frames", "Click to hide stack frames")'>Click to show all stack frames</a>
<div class='stack-trace' id='stack-trace43856881'><pre>org.openqa.selenium.TimeoutException: Expected condition failed: waiting for number of open windows to be 2 (tried for 9 second(s) with 500 milliseconds interval)
Build info: version: &apos;4.7.2&apos;, revision: &apos;4d4020c3b7&apos;
System info: os.name: &apos;Windows 11&apos;, os.arch: &apos;amd64&apos;, os.version: &apos;10.0&apos;, java.version: &apos;1.8.0_361&apos;
Driver info: org.openqa.selenium.chrome.ChromeDriver
Capabilities {acceptInsecureCerts: false, browserName: chrome, browserVersion: 109.0.5414.120, chrome: {chromedriverVersion: 109.0.5414.74 (e7c5703604da..., userDataDir: C:\Users\SMART\AppData\Loca...}, goog:chromeOptions: {debuggerAddress: localhost:60103}, networkConnectionEnabled: false, pageLoadStrategy: normal, platformName: WINDOWS, proxy: Proxy(), se:cdp: ws://localhost:60103/devtoo..., se:cdpVersion: 109.0.5414.120, setWindowRect: true, strictFileInteractability: false, timeouts: {implicit: 0, pageLoad: 300000, script: 30000}, unhandledPromptBehavior: dismiss and notify, webauthn:extension:credBlob: true, webauthn:extension:largeBlob: true, webauthn:virtualAuthenticators: true}
Session ID: 7c4abb681fd9d91a7c62bd89e7ddd854
	at org.openqa.selenium.support.ui.WebDriverWait.timeoutException(WebDriverWait.java:87)
	at org.openqa.selenium.support.ui.FluentWait.until(FluentWait.java:231)
	at org.example.Steps.D07_FollowUsSteps.userOpensRssLink(D07_FollowUsSteps.java:56)
	at ?.user opens rss link(file:///D:/java/Demonopcommerce/src/main/resources/Features/F07_FollowUs.feature:16)
</pre></div></td>
<td>15</td>
<td>org.example.TestRunner.TheRunner@66d1af89</td></tr>
</table><p>
<table width='100%' border='1' class='invocation-passed'>
<tr><td colspan='4' align='center'><b>PASSED TESTS</b></td></tr>
<tr><td><b>Test method</b></td>
<td width="30%"><b>Exception</b></td>
<td width="10%"><b>Time (seconds)</b></td>
<td><b>Instance</b></td>
</tr>
<tr>
<td title='org.example.TestRunner.TheRunner.runScenario()'><b>runScenario</b><br>Test class: org.example.TestRunner.TheRunner<br>Test method: Runs Cucumber Scenarios<br>Parameters: "Product Search using Product Name", "F04_Search | user could search for his needs"</td>
<td></td>
<td>9</td>
<td>org.example.TestRunner.TheRunner@66d1af89</td></tr>
<tr>
<td title='org.example.TestRunner.TheRunner.runScenario()'><b>runScenario</b><br>Test class: org.example.TestRunner.TheRunner<br>Test method: Runs Cucumber Scenarios<br>Parameters: "SC2- User could log in with valid email and password", "Login"</td>
<td></td>
<td>7</td>
<td>org.example.TestRunner.TheRunner@66d1af89</td></tr>
<tr>
<td title='org.example.TestRunner.TheRunner.runScenario()'><b>runScenario</b><br>Test class: org.example.TestRunner.TheRunner<br>Test method: Runs Cucumber Scenarios<br>Parameters: "user hover on categories", "F05_hoverCategories | users could hover on one of main categories"</td>
<td></td>
<td>8</td>
<td>org.example.TestRunner.TheRunner@66d1af89</td></tr>
<tr>
<td title='org.example.TestRunner.TheRunner.runScenario()'><b>runScenario</b><br>Test class: org.example.TestRunner.TheRunner<br>Test method: Runs Cucumber Scenarios<br>Parameters: "user opens youtube link", "F07_followUs | users could open followUs links"</td>
<td></td>
<td>10</td>
<td>org.example.TestRunner.TheRunner@66d1af89</td></tr>
<tr>
<td title='org.example.TestRunner.TheRunner.runScenario()'><b>runScenario</b><br>Test class: org.example.TestRunner.TheRunner<br>Test method: Runs Cucumber Scenarios<br>Parameters: "Product Search using Product SKU", "F04_Search | user could search for his needs"</td>
<td></td>
<td>11</td>
<td>org.example.TestRunner.TheRunner@66d1af89</td></tr>
<tr>
<td title='org.example.TestRunner.TheRunner.runScenario()'><b>runScenario</b><br>Test class: org.example.TestRunner.TheRunner<br>Test method: Runs Cucumber Scenarios<br>Parameters: "user opens twitter link", "F07_followUs | users could open followUs links"</td>
<td></td>
<td>10</td>
<td>org.example.TestRunner.TheRunner@66d1af89</td></tr>
<tr>
<td title='org.example.TestRunner.TheRunner.runScenario()'><b>runScenario</b><br>Test class: org.example.TestRunner.TheRunner<br>Test method: Runs Cucumber Scenarios<br>Parameters: "SC2- User could log in with invalid email and password", "Login"</td>
<td></td>
<td>9</td>
<td>org.example.TestRunner.TheRunner@66d1af89</td></tr>
<tr>
<td title='org.example.TestRunner.TheRunner.runScenario()'><b>runScenario</b><br>Test class: org.example.TestRunner.TheRunner<br>Test method: Runs Cucumber Scenarios<br>Parameters: "Product Search using Product SKU", "F04_Search | user could search for his needs"</td>
<td></td>
<td>9</td>
<td>org.example.TestRunner.TheRunner@66d1af89</td></tr>
<tr>
<td title='org.example.TestRunner.TheRunner.runScenario()'><b>runScenario</b><br>Test class: org.example.TestRunner.TheRunner<br>Test method: Runs Cucumber Scenarios<br>Parameters: "Product Search using Product SKU", "F04_Search | user could search for his needs"</td>
<td></td>
<td>11</td>
<td>org.example.TestRunner.TheRunner@66d1af89</td></tr>
<tr>
<td title='org.example.TestRunner.TheRunner.runScenario()'><b>runScenario</b><br>Test class: org.example.TestRunner.TheRunner<br>Test method: Runs Cucumber Scenarios<br>Parameters: "Add product to wishlist and verify success message", "Unknown"</td>
<td></td>
<td>6</td>
<td>org.example.TestRunner.TheRunner@66d1af89</td></tr>
<tr>
<td title='org.example.TestRunner.TheRunner.runScenario()'><b>runScenario</b><br>Test class: org.example.TestRunner.TheRunner<br>Test method: Runs Cucumber Scenarios<br>Parameters: "Product Search using Product Name", "F04_Search | user could search for his needs"</td>
<td></td>
<td>9</td>
<td>org.example.TestRunner.TheRunner@66d1af89</td></tr>
<tr>
<td title='org.example.TestRunner.TheRunner.runScenario()'><b>runScenario</b><br>Test class: org.example.TestRunner.TheRunner<br>Test method: Runs Cucumber Scenarios<br>Parameters: "user opens facebook link", "F07_followUs | users could open followUs links"</td>
<td></td>
<td>8</td>
<td>org.example.TestRunner.TheRunner@66d1af89</td></tr>
<tr>
<td title='org.example.TestRunner.TheRunner.runScenario()'><b>runScenario</b><br>Test class: org.example.TestRunner.TheRunner<br>Test method: Runs Cucumber Scenarios<br>Parameters: "guest user could register with valid data successfully", "F1_Register | users could register with new accounts"</td>
<td></td>
<td>12</td>
<td>org.example.TestRunner.TheRunner@66d1af89</td></tr>
<tr>
<td title='org.example.TestRunner.TheRunner.runScenario()'><b>runScenario</b><br>Test class: org.example.TestRunner.TheRunner<br>Test method: Runs Cucumber Scenarios<br>Parameters: "Product Search using Product Name", "F04_Search | user could search for his needs"</td>
<td></td>
<td>9</td>
<td>org.example.TestRunner.TheRunner@66d1af89</td></tr>
<tr>
<td title='org.example.TestRunner.TheRunner.runScenario()'><b>runScenario</b><br>Test class: org.example.TestRunner.TheRunner<br>Test method: Runs Cucumber Scenarios<br>Parameters: "Verify product added to wishlist", "Unknown"</td>
<td></td>
<td>12</td>
<td>org.example.TestRunner.TheRunner@66d1af89</td></tr>
<tr>
<td title='org.example.TestRunner.TheRunner.runScenario()'><b>runScenario</b><br>Test class: org.example.TestRunner.TheRunner<br>Test method: Runs Cucumber Scenarios<br>Parameters: "Verify the currency symbol on Home page", "F03_currencies | users could deal with different currencies"</td>
<td></td>
<td>16</td>
<td>org.example.TestRunner.TheRunner@66d1af89</td></tr>
</table><p>
</body>
</html>